//2018年 08月 08日 星期三 08:50:04 CST
create bare repository at tokyo host.
clients get this repository by run "git clone tokyo:easti.git"(prepare your own .git/config)
git clients now only dell laptop.
make .gitignore,readme
make a sketch of express site.

//2018年 08月 08日 星期三 09:03:45 CST
npm i --save express ron pug formidable

//2018年 08月 08日 星期三 09:06:46 CST
npm i --dev-save bootstrap@3
npm i --dev-save jquery


//2018年 08月 08日 星期三 15:54:47 CST
coffee bin/staticify-jq-bt.coffee
it will copy bootstrap and jquery,bootstrap must version 3,because its font support.

//2018年 08月 08日 星期三 19:58:12 CST
init level2,do:
  try do a module-driven route,

//Sat Aug 25 14:44:51 CST 2018
ubuntu16.04LTS upgrade to 18.04.
now the ubuntu18.04LTS-Hp-Desktop-PC joined.

//Sat Aug 25 20:03:28 CST 2018
views/index.pug,normalize ./app.js,run at development mode.
make views/layouts directory.
run test(initial),good.

//Sun Aug 26 18:41:04 CST 2018
initial level 2,target is 'mocha + tdd'

//Wed Aug 29 16:11:52 CST 2018
found what happen 'zombie6.x + mocha',no matter about each one,in fact,after i 'browser.html()' to see all output(it said '404 No Found'), i realized that,the route:'example.com' not correctly,instead it,shouldbe 'http://example.com/' or 'http://example.com',.
now zombie is work well.


affix original codes::
(from accesspageiseasy.coffee)
Browser = require 'zombie'
Browser.localhost 'example.com',3003 
browser = new Browser
# sometimes it will help(below line)
browser.waitDuration = '30s'
describe 'zombie ability display::',->
  describe 'access index page should success::',->
    before ->
      # !!NOT "browser.visit 'example.com'"  !!
      browser.visit 'http://example.com'
    it 'should access page successfully::',->
      browser.assert.success()
      console.log browser.html()
    it 'should has 2 h4 tags::',->
      browser.assert.elements 'h4',2
    it 'page title is "you see you"::',->
      browser.assert.text 'title','you see you' 

//Fri Aug 31 10:23:47 CST 2018
zuo men de shi fu lai J602 xiu men,hao le.
refine the func-test case,add server.close() in after case.
crreate a new alpha router.
